<?xml version="1.0" encoding="UTF-8"?>
<!-- Generated by org.testng.reporters.JUnitReportReporter -->
<testsuite hostname="Gvenkatesh" failures="0" tests="1" name="testScripts.AddTestingCourseToMyCartTest" time="22.897" errors="0" timestamp="2023-05-26T09:00:21 IST" skipped="0">
  <testcase classname="testScripts.AddTestingCourseToMyCartTest" name="addpythonToMyCart" time="22.897"/>
  <system-out/>
</testsuite> <!-- testScripts.AddTestingCourseToMyCartTest -->
