<?xml version="1.0" encoding="UTF-8"?>
<!-- Generated by org.testng.reporters.JUnitReportReporter -->
<testsuite hostname="Gvenkatesh" failures="0" tests="1" name="testScripts.AddToCartTest" time="8.170" errors="0" timestamp="2023-05-26T17:15:18 IST" skipped="0">
  <testcase classname="testScripts.AddToCartTest" name="addToCartTest" time="8.170"/>
  <system-out/>
</testsuite> <!-- testScripts.AddToCartTest -->
