<?xml version="1.0" encoding="UTF-8"?>
<!-- Generated by org.testng.reporters.JUnitReportReporter -->
<testsuite hostname="Gvenkatesh" failures="0" tests="1" name="testScripts.SendContactDetailsTest" time="11.164" errors="0" timestamp="2023-05-26T16:30:52 IST" skipped="0">
  <testcase classname="testScripts.SendContactDetailsTest" name="sendContactDetailsTest" time="11.164"/>
  <system-out/>
</testsuite> <!-- testScripts.SendContactDetailsTest -->
