<?xml version="1.0" encoding="UTF-8"?>
<!-- Generated by org.testng.reporters.JUnitReportReporter -->
<testsuite hostname="Gvenkatesh" failures="0" tests="1" name="testScripts.SendContactDetailsTest" time="22.881" errors="0" timestamp="2023-05-26T09:05:22 IST" skipped="0">
  <testcase classname="testScripts.SendContactDetailsTest" name="sendContactDetailsTest" time="22.881"/>
  <system-out/>
</testsuite> <!-- testScripts.SendContactDetailsTest -->
