<?xml version="1.0" encoding="UTF-8"?>
<!-- Generated by org.testng.reporters.JUnitReportReporter -->
<testsuite hostname="Gvenkatesh" failures="0" tests="1" name="testScripts.AddTestingCourseToMyCartTest" time="10.205" errors="0" timestamp="2023-05-26T16:30:52 IST" skipped="0">
  <testcase classname="testScripts.AddTestingCourseToMyCartTest" name="addpythonToMyCart" time="10.205"/>
  <system-out/>
</testsuite> <!-- testScripts.AddTestingCourseToMyCartTest -->
